2025-04-28 21:46:09,597 INFO: Ticket ASD-2 not updated : No changes detected. [in /Users/mohamedshammasmohamedalimanaf/Documents/SMART SD/BigProjectWSAA/SMART_Service_Desk/app/routes/tickets.py:152]
2025-04-28 21:46:21,499 INFO: Details updated for ticket ASD-2. [in /Users/mohamedshammasmohamedalimanaf/Documents/SMART SD/BigProjectWSAA/SMART_Service_Desk/app/routes/tickets.py:140]
2025-04-28 21:46:21,500 ERROR: Failed to update ticket Ticket.key : 'fromStatusId' is an invalid keyword argument for TicketHistory [in /Users/mohamedshammasmohamedalimanaf/Documents/SMART SD/BigProjectWSAA/SMART_Service_Desk/app/routes/tickets.py:156]
2025-04-28 21:47:29,239 INFO: Ticket ASD-2 not updated : No changes detected. [in /Users/mohamedshammasmohamedalimanaf/Documents/SMART SD/BigProjectWSAA/SMART_Service_Desk/app/routes/tickets.py:152]
2025-04-28 21:47:38,852 INFO: Details updated for ticket ASD-2. [in /Users/mohamedshammasmohamedalimanaf/Documents/SMART SD/BigProjectWSAA/SMART_Service_Desk/app/routes/tickets.py:140]
2025-04-28 21:47:38,853 ERROR: Failed to update ticket Ticket.key : 'changedBy' is an invalid keyword argument for TicketHistory [in /Users/mohamedshammasmohamedalimanaf/Documents/SMART SD/BigProjectWSAA/SMART_Service_Desk/app/routes/tickets.py:156]
2025-04-28 21:49:43,220 INFO: Ticket ASD-2 not updated : No changes detected. [in /Users/mohamedshammasmohamedalimanaf/Documents/SMART SD/BigProjectWSAA/SMART_Service_Desk/app/routes/tickets.py:152]
2025-04-28 21:49:49,739 INFO: Details updated for ticket ASD-2. [in /Users/mohamedshammasmohamedalimanaf/Documents/SMART SD/BigProjectWSAA/SMART_Service_Desk/app/routes/tickets.py:140]
2025-04-28 21:49:49,739 ERROR: Failed to update ticket Ticket.key : 'changed_By' is an invalid keyword argument for TicketHistory [in /Users/mohamedshammasmohamedalimanaf/Documents/SMART SD/BigProjectWSAA/SMART_Service_Desk/app/routes/tickets.py:156]
2025-04-28 21:52:12,080 INFO: Ticket ASD-2 not updated : No changes detected. [in /Users/mohamedshammasmohamedalimanaf/Documents/SMART SD/BigProjectWSAA/SMART_Service_Desk/app/routes/tickets.py:152]
2025-04-28 21:52:17,991 INFO: Details updated for ticket ASD-2. [in /Users/mohamedshammasmohamedalimanaf/Documents/SMART SD/BigProjectWSAA/SMART_Service_Desk/app/routes/tickets.py:140]
2025-04-28 21:52:17,991 ERROR: Failed to update ticket Ticket.key : 'changed_By' is an invalid keyword argument for TicketHistory [in /Users/mohamedshammasmohamedalimanaf/Documents/SMART SD/BigProjectWSAA/SMART_Service_Desk/app/routes/tickets.py:156]
2025-04-28 21:54:50,812 INFO: Ticket ASD-2 not updated : No changes detected. [in /Users/mohamedshammasmohamedalimanaf/Documents/SMART SD/BigProjectWSAA/SMART_Service_Desk/app/routes/tickets.py:152]
2025-04-28 21:54:56,049 INFO: Details updated for ticket ASD-2. [in /Users/mohamedshammasmohamedalimanaf/Documents/SMART SD/BigProjectWSAA/SMART_Service_Desk/app/routes/tickets.py:140]
2025-04-28 21:54:56,049 ERROR: Failed to update ticket Ticket.key : 'changedBy' is an invalid keyword argument for TicketHistory [in /Users/mohamedshammasmohamedalimanaf/Documents/SMART SD/BigProjectWSAA/SMART_Service_Desk/app/routes/tickets.py:156]
2025-04-28 21:57:29,015 INFO: Details updated for ticket ASD-2. [in /Users/mohamedshammasmohamedalimanaf/Documents/SMART SD/BigProjectWSAA/SMART_Service_Desk/app/routes/tickets.py:140]
2025-04-28 21:57:29,015 ERROR: Failed to update ticket Ticket.key : 'TicketHistory' object has no attribute 'fromStatusId' [in /Users/mohamedshammasmohamedalimanaf/Documents/SMART SD/BigProjectWSAA/SMART_Service_Desk/app/routes/tickets.py:156]
2025-04-28 21:58:24,259 INFO: Ticket ASD-2 not updated : No changes detected. [in /Users/mohamedshammasmohamedalimanaf/Documents/SMART SD/BigProjectWSAA/SMART_Service_Desk/app/routes/tickets.py:152]
2025-04-28 21:58:32,255 INFO: Details updated for ticket ASD-2. [in /Users/mohamedshammasmohamedalimanaf/Documents/SMART SD/BigProjectWSAA/SMART_Service_Desk/app/routes/tickets.py:140]
2025-04-28 21:58:32,255 ERROR: Failed to update ticket Ticket.key : 'TicketHistory' object has no attribute 'changed_by' [in /Users/mohamedshammasmohamedalimanaf/Documents/SMART SD/BigProjectWSAA/SMART_Service_Desk/app/routes/tickets.py:156]
2025-04-28 22:01:59,485 INFO: Ticket ASD-2 not updated : No changes detected. [in /Users/mohamedshammasmohamedalimanaf/Documents/SMART SD/BigProjectWSAA/SMART_Service_Desk/app/routes/tickets.py:152]
2025-04-28 22:02:06,046 INFO: Details updated for ticket ASD-2. [in /Users/mohamedshammasmohamedalimanaf/Documents/SMART SD/BigProjectWSAA/SMART_Service_Desk/app/routes/tickets.py:140]
2025-04-28 22:02:06,046 INFO: Ticket ASD-2 status changed from dc4a63a4-c31b-4431-8608-6e44c45c5ec8 to dc4a63a4-c31b-4431-8608-6e44c45c5ec8 by user 9439d2de-8aeb-45e8-a496-27d4f9dd9c60 [in /Users/mohamedshammasmohamedalimanaf/Documents/SMART SD/BigProjectWSAA/SMART_Service_Desk/app/routes/tickets.py:149]
2025-04-28 22:02:08,181 INFO: Ticket ASD-2 not updated : No changes detected. [in /Users/mohamedshammasmohamedalimanaf/Documents/SMART SD/BigProjectWSAA/SMART_Service_Desk/app/routes/tickets.py:152]
