2025-05-01 18:05:01,982 ERROR: Exception on /tickets/ASD-1 [GET] [in /Users/mohamedshammasmohamedalimanaf/Documents/SMART SD/BigProjectWSAA/SMART_Service_Desk/SmartSD/lib/python3.9/site-packages/flask/app.py:875]
Traceback (most recent call last):
  File "/Users/mohamedshammasmohamedalimanaf/Documents/SMART SD/BigProjectWSAA/SMART_Service_Desk/SmartSD/lib/python3.9/site-packages/flask/app.py", line 1511, in wsgi_app
    response = self.full_dispatch_request()
  File "/Users/mohamedshammasmohamedalimanaf/Documents/SMART SD/BigProjectWSAA/SMART_Service_Desk/SmartSD/lib/python3.9/site-packages/flask/app.py", line 919, in full_dispatch_request
    rv = self.handle_user_exception(e)
  File "/Users/mohamedshammasmohamedalimanaf/Documents/SMART SD/BigProjectWSAA/SMART_Service_Desk/SmartSD/lib/python3.9/site-packages/flask/app.py", line 917, in full_dispatch_request
    rv = self.dispatch_request()
  File "/Users/mohamedshammasmohamedalimanaf/Documents/SMART SD/BigProjectWSAA/SMART_Service_Desk/SmartSD/lib/python3.9/site-packages/flask/app.py", line 902, in dispatch_request
    return self.ensure_sync(self.view_functions[rule.endpoint])(**view_args)  # type: ignore[no-any-return]
  File "/Users/mohamedshammasmohamedalimanaf/Documents/SMART SD/BigProjectWSAA/SMART_Service_Desk/app/routes/ui.py", line 26, in ticket_detail
    return render_template('ticketDetails.html', ticket=ticket)
  File "/Users/mohamedshammasmohamedalimanaf/Documents/SMART SD/BigProjectWSAA/SMART_Service_Desk/SmartSD/lib/python3.9/site-packages/flask/templating.py", line 149, in render_template
    template = app.jinja_env.get_or_select_template(template_name_or_list)
  File "/Users/mohamedshammasmohamedalimanaf/Documents/SMART SD/BigProjectWSAA/SMART_Service_Desk/SmartSD/lib/python3.9/site-packages/jinja2/environment.py", line 1087, in get_or_select_template
    return self.get_template(template_name_or_list, parent, globals)
  File "/Users/mohamedshammasmohamedalimanaf/Documents/SMART SD/BigProjectWSAA/SMART_Service_Desk/SmartSD/lib/python3.9/site-packages/jinja2/environment.py", line 1016, in get_template
    return self._load_template(name, globals)
  File "/Users/mohamedshammasmohamedalimanaf/Documents/SMART SD/BigProjectWSAA/SMART_Service_Desk/SmartSD/lib/python3.9/site-packages/jinja2/environment.py", line 975, in _load_template
    template = self.loader.load(self, name, self.make_globals(globals))
  File "/Users/mohamedshammasmohamedalimanaf/Documents/SMART SD/BigProjectWSAA/SMART_Service_Desk/SmartSD/lib/python3.9/site-packages/jinja2/loaders.py", line 138, in load
    code = environment.compile(source, name, filename)
  File "/Users/mohamedshammasmohamedalimanaf/Documents/SMART SD/BigProjectWSAA/SMART_Service_Desk/SmartSD/lib/python3.9/site-packages/jinja2/environment.py", line 771, in compile
    self.handle_exception(source=source_hint)
  File "/Users/mohamedshammasmohamedalimanaf/Documents/SMART SD/BigProjectWSAA/SMART_Service_Desk/SmartSD/lib/python3.9/site-packages/jinja2/environment.py", line 942, in handle_exception
    raise rewrite_traceback_stack(source=source)
  File "/Users/mohamedshammasmohamedalimanaf/Documents/SMART SD/BigProjectWSAA/SMART_Service_Desk/app/templates/ticketDetails.html", line 11, in template
    {% block content %}
jinja2.exceptions.TemplateAssertionError: block 'content' defined twice
