2025-05-06 12:09:15,764 INFO: Login successful for user: NuwaibS [in /Users/mohamedshammasmohamedalimanaf/Documents/SMART SD/BigProjectWSAA/SMART_Service_Desk/app/routes/auth.py:47]
2025-05-06 12:26:17,933 INFO: Login successful for user: NuwaibS [in /Users/mohamedshammasmohamedalimanaf/Documents/SMART SD/BigProjectWSAA/SMART_Service_Desk/app/routes/auth.py:47]
2025-05-06 12:28:55,464 INFO: Login successful for user: NuwaibS [in /Users/mohamedshammasmohamedalimanaf/Documents/SMART SD/BigProjectWSAA/SMART_Service_Desk/app/routes/auth.py:47]
2025-05-06 12:30:27,751 INFO: Updated user NuwaibS: username = NuwaibS [in /Users/mohamedshammasmohamedalimanaf/Documents/SMART SD/BigProjectWSAA/SMART_Service_Desk/app/routes/ui.py:110]
2025-05-06 12:30:28,958 INFO: Updated user NuwaibS: fullname = Nuwaib Shammas [in /Users/mohamedshammasmohamedalimanaf/Documents/SMART SD/BigProjectWSAA/SMART_Service_Desk/app/routes/ui.py:110]
2025-05-06 12:39:07,678 ERROR: Exception in view_users: No module named 'models' [in /Users/mohamedshammasmohamedalimanaf/Documents/SMART SD/BigProjectWSAA/SMART_Service_Desk/app/routes/utils.py:17]
2025-05-06 12:39:14,906 ERROR: Exception in view_users: No module named 'models' [in /Users/mohamedshammasmohamedalimanaf/Documents/SMART SD/BigProjectWSAA/SMART_Service_Desk/app/routes/utils.py:17]
2025-05-06 12:43:20,375 INFO: Login successful for user: NuwaibS [in /Users/mohamedshammasmohamedalimanaf/Documents/SMART SD/BigProjectWSAA/SMART_Service_Desk/app/routes/auth.py:47]
2025-05-06 12:48:50,870 INFO: Login successful for user: NuwaibS [in /Users/mohamedshammasmohamedalimanaf/Documents/SMART SD/BigProjectWSAA/SMART_Service_Desk/app/routes/auth.py:47]
2025-05-06 14:10:34,867 INFO: Login successful for user: NuwaibS [in /Users/mohamedshammasmohamedalimanaf/Documents/SMART SD/BigProjectWSAA/SMART_Service_Desk/app/routes/auth.py:47]
2025-05-06 14:27:33,667 WARNING: Login failed for user: NuwaibS (incorrect password) [in /Users/mohamedshammasmohamedalimanaf/Documents/SMART SD/BigProjectWSAA/SMART_Service_Desk/app/routes/auth.py:38]
2025-05-06 14:27:39,602 INFO: Login successful for user: NuwaibS [in /Users/mohamedshammasmohamedalimanaf/Documents/SMART SD/BigProjectWSAA/SMART_Service_Desk/app/routes/auth.py:47]
2025-05-06 15:20:35,741 INFO: Login successful for user: NuwaibS [in /Users/mohamedshammasmohamedalimanaf/Documents/SMART SD/BigProjectWSAA/SMART_Service_Desk/app/routes/auth.py:47]
2025-05-06 15:52:09,076 INFO: Login successful for user: NuwaibS [in /Users/mohamedshammasmohamedalimanaf/Documents/SMART SD/BigProjectWSAA/SMART_Service_Desk/app/routes/auth.py:47]
2025-05-06 15:56:13,856 INFO: Created ticket ASD-3 in project Applications Service Desk [in /Users/mohamedshammasmohamedalimanaf/Documents/SMART SD/BigProjectWSAA/SMART_Service_Desk/app/routes/tickets.py:67]
2025-05-06 15:58:04,744 INFO: Created ticket ASD-4 in project Applications Service Desk [in /Users/mohamedshammasmohamedalimanaf/Documents/SMART SD/BigProjectWSAA/SMART_Service_Desk/app/routes/tickets.py:67]
2025-05-06 16:15:56,377 INFO: Login successful for user: NuwaibS [in /Users/mohamedshammasmohamedalimanaf/Documents/SMART SD/BigProjectWSAA/SMART_Service_Desk/app/routes/auth.py:47]
2025-05-06 18:23:29,257 INFO: Login successful for user: NuwaibS [in /Users/mohamedshammasmohamedalimanaf/Documents/SMART SD/BigProjectWSAA/SMART_Service_Desk/app/routes/auth.py:47]
2025-05-06 18:25:02,114 INFO: Updated user Shammasm: roleid = 9cb9aab6-824d-48b2-bfec-561e4f92ec21 [in /Users/mohamedshammasmohamedalimanaf/Documents/SMART SD/BigProjectWSAA/SMART_Service_Desk/app/routes/ui.py:123]
2025-05-06 18:25:30,303 WARNING: Login failed for unknown user: shammasm [in /Users/mohamedshammasmohamedalimanaf/Documents/SMART SD/BigProjectWSAA/SMART_Service_Desk/app/routes/auth.py:34]
2025-05-06 18:26:08,164 WARNING: Login failed for unknown user: shammasm [in /Users/mohamedshammasmohamedalimanaf/Documents/SMART SD/BigProjectWSAA/SMART_Service_Desk/app/routes/auth.py:34]
2025-05-06 18:38:32,837 WARNING: Login failed for unknown user: shammasm [in /Users/mohamedshammasmohamedalimanaf/Documents/SMART SD/BigProjectWSAA/SMART_Service_Desk/app/routes/auth.py:34]
2025-05-06 18:38:42,175 WARNING: Login failed for user: NuwaibS (incorrect password) [in /Users/mohamedshammasmohamedalimanaf/Documents/SMART SD/BigProjectWSAA/SMART_Service_Desk/app/routes/auth.py:38]
2025-05-06 18:38:49,240 INFO: Login successful for user: NuwaibS [in /Users/mohamedshammasmohamedalimanaf/Documents/SMART SD/BigProjectWSAA/SMART_Service_Desk/app/routes/auth.py:47]
2025-05-06 19:11:32,605 INFO: Login successful for user: NuwaibS [in /Users/mohamedshammasmohamedalimanaf/Documents/SMART SD/BigProjectWSAA/SMART_Service_Desk/app/routes/auth.py:47]
2025-05-06 19:12:11,862 INFO: Updated user Shammasm: password = Admin [in /Users/mohamedshammasmohamedalimanaf/Documents/SMART SD/BigProjectWSAA/SMART_Service_Desk/app/routes/ui.py:123]
2025-05-06 19:12:35,042 WARNING: Login failed for unknown user: shammasm [in /Users/mohamedshammasmohamedalimanaf/Documents/SMART SD/BigProjectWSAA/SMART_Service_Desk/app/routes/auth.py:34]
2025-05-06 19:12:41,431 WARNING: Login failed for unknown user: Shammasm [in /Users/mohamedshammasmohamedalimanaf/Documents/SMART SD/BigProjectWSAA/SMART_Service_Desk/app/routes/auth.py:34]
2025-05-06 20:46:44,037 WARNING: Login failed for unknown user: Shammasm [in /Users/mohamedshammasmohamedalimanaf/Documents/SMART SD/BigProjectWSAA/SMART_Service_Desk/app/routes/auth.py:34]
2025-05-06 20:46:45,658 WARNING: Login failed for unknown user: Shammasm [in /Users/mohamedshammasmohamedalimanaf/Documents/SMART SD/BigProjectWSAA/SMART_Service_Desk/app/routes/auth.py:34]
2025-05-06 20:47:06,305 INFO: Login successful for user: NuwaibS [in /Users/mohamedshammasmohamedalimanaf/Documents/SMART SD/BigProjectWSAA/SMART_Service_Desk/app/routes/auth.py:47]
2025-05-06 20:47:41,725 WARNING: Login failed for unknown user: ZajnaS [in /Users/mohamedshammasmohamedalimanaf/Documents/SMART SD/BigProjectWSAA/SMART_Service_Desk/app/routes/auth.py:34]
2025-05-06 20:47:50,190 WARNING: Login failed for unknown user: ZajnaS [in /Users/mohamedshammasmohamedalimanaf/Documents/SMART SD/BigProjectWSAA/SMART_Service_Desk/app/routes/auth.py:34]
2025-05-06 20:47:57,322 WARNING: Login failed for unknown user: ZajnaS [in /Users/mohamedshammasmohamedalimanaf/Documents/SMART SD/BigProjectWSAA/SMART_Service_Desk/app/routes/auth.py:34]
2025-05-06 20:48:19,690 INFO: Login successful for user: NuwaibS [in /Users/mohamedshammasmohamedalimanaf/Documents/SMART SD/BigProjectWSAA/SMART_Service_Desk/app/routes/auth.py:47]
2025-05-06 21:04:21,159 INFO: Login successful for user: NuwaibS [in /Users/mohamedshammasmohamedalimanaf/Documents/SMART SD/BigProjectWSAA/SMART_Service_Desk/app/routes/auth.py:47]
2025-05-06 21:04:21,183 ERROR: Exception in view_tickets: Could not build url for endpoint 'ui.create_ticket'. Did you mean 'ui.create_ticket_ui' instead? [in /Users/mohamedshammasmohamedalimanaf/Documents/SMART SD/BigProjectWSAA/SMART_Service_Desk/app/routes/utils.py:17]
2025-05-06 21:13:32,076 INFO: Login successful for user: NuwaibS [in /Users/mohamedshammasmohamedalimanaf/Documents/SMART SD/BigProjectWSAA/SMART_Service_Desk/app/routes/auth.py:47]
2025-05-06 21:18:07,237 WARNING: Login failed for user: NuwaibS (incorrect password) [in /Users/mohamedshammasmohamedalimanaf/Documents/SMART SD/BigProjectWSAA/SMART_Service_Desk/app/routes/auth.py:38]
2025-05-06 21:18:15,774 INFO: Login successful for user: NuwaibS [in /Users/mohamedshammasmohamedalimanaf/Documents/SMART SD/BigProjectWSAA/SMART_Service_Desk/app/routes/auth.py:47]
